c:\users\david\onedrive\projects\programs\mine-imator\dll\window\window\release\main.obj
c:\users\david\onedrive\projects\programs\mine-imator\dll\window\window\release\vc110.pdb
c:\users\david\onedrive\projects\programs\note block studio\mcnbs.gmx\datafiles\data\window.dll
c:\users\david\onedrive\projects\programs\note block studio\mcnbs.gmx\datafiles\data\window.pdb
䍞尺獕牥屳慤楶層湏䑥楲敶停潲敪瑣屳牐杯慲獭䵜湩ⵥ浩瑡牯䑜䱌睜湩潤屷楷摮睯睜湩潤⹷捶灸潲൪䌊尺獕牥屳慤楶層湏䑥楲敶停潲敪瑣屳牐杯慲獭乜瑯⁥求捯⁫瑓摵潩浜湣獢朮硭摜瑡晡汩獥䑜瑡屡楷摮睯氮扩਍㩃啜敳獲摜癡摩作敮牄癩履牐橯捥獴停潲牧浡屳潎整䈠潬正匠畴楤屯捭扮⹳浧屸慤慴楦敬屳慄慴睜湩潤⹷楬ൢ䌊尺獕牥屳慤楶層湏䑥楲敶停潲敪瑣屳牐杯慲獭乜瑯⁥求捯⁫瑓摵潩浜湣獢朮硭摜瑡晡汩獥䑜瑡屡楷摮睯攮灸਍㩃啜敳獲摜癡摩作敮牄癩履牐橯捥獴停潲牧浡屳潎整䈠潬正匠畴楤屯捭扮⹳浧屸慤慴楦敬屳慄慴睜湩潤⹷硥൰帊㩃啜敳獲摜癡摩作敮牄癩履牐橯捥獴停潲牧浡屳楍敮椭慭潴屲䱄屌楷摮睯睜湩潤屷楷摮睯瘮硣牰橯਍㩃啜敳獲摜癡摩作敮牄癩履牐橯捥獴停潲牧浡屳潎整䈠潬正匠畴楤屯捭扮⹳浧屸慤慴楦敬屳慄慴睜湩潤⹷楬ൢ䌊尺獕牥屳慤楶層湏䑥楲敶停潲敪瑣屳牐杯慲獭乜瑯⁥求捯⁫瑓摵潩浜湣獢朮硭摜瑡晡汩獥䑜瑡屡楷摮睯氮扩਍㩃啜敳獲摜癡摩作敮牄癩履牐橯捥獴停潲牧浡屳潎整䈠潬正匠畴楤屯捭扮⹳浧屸慤慴楦敬屳慄慴睜湩潤⹷硥൰䌊尺獕牥屳慤楶層湏䑥楲敶停潲敪瑣屳牐杯慲獭乜瑯⁥求捯⁫瑓摵潩浜湣獢朮硭摜瑡晡汩獥䑜瑡屡楷摮睯攮灸਍䍞尺獕牥屳慤楶層湏䑥楲敶停潲敪瑣屳牐杯慲獭䵜湩ⵥ浩瑡牯䑜䱌睜湩潤屷楷摮睯睜湩潤⹷捶灸潲൪䌊尺獕牥屳慤楶層湏䑥楲敶停潲敪瑣屳牐杯慲獭乜瑯⁥求捯⁫瑓摵潩浜湣獢朮硭摜瑡晡汩獥䑜瑡屡楷摮睯氮扩਍㩃啜敳獲摜癡摩作敮牄癩履牐橯捥獴停潲牧浡屳潎整䈠潬正匠畴楤屯捭扮⹳浧屸慤慴楦敬屳慄慴睜湩潤⹷楬ൢ䌊尺獕牥屳慤楶層湏䑥楲敶停潲敪瑣屳牐杯慲獭乜瑯⁥求捯⁫瑓摵潩浜湣獢朮硭摜瑡晡汩獥䑜瑡屡楷摮睯攮灸਍㩃啜敳獲摜癡摩作敮牄癩履牐橯捥獴停潲牧浡屳潎整䈠潬正匠畴楤屯捭扮⹳浧屸慤慴楦敬屳慄慴睜湩潤⹷硥൰帊㩃啜敳獲摜癡摩作敮牄癩履牐橯捥獴停潲牧浡屳楍敮椭慭潴屲䱄屌楷摮睯睜湩潤屷楷摮睯瘮硣牰橯਍㩃啜敳獲摜癡摩作敮牄癩履牐橯捥獴停潲牧浡屳潎整䈠潬正匠畴楤屯捭扮⹳浧屸慤慴楦敬屳慄慴睜湩潤⹷楬ൢ䌊尺獕牥屳慤楶層湏䑥楲敶停潲敪瑣屳牐杯慲獭乜瑯⁥求捯⁫瑓摵潩浜湣獢朮硭摜瑡晡汩獥䑜瑡屡楷摮睯氮扩਍㩃啜敳獲摜癡摩作敮牄癩履牐橯捥獴停潲牧浡屳潎整䈠潬正匠畴楤屯捭扮⹳浧屸慤慴楦敬屳慄慴睜湩潤⹷硥൰䌊尺獕牥屳慤楶層湏䑥楲敶停潲敪瑣屳牐杯慲獭乜瑯⁥求捯⁫瑓摵潩浜湣獢朮硭摜瑡晡汩獥䑜瑡屡楷摮睯攮灸਍䍞尺獕牥屳慤楶層湏䑥楲敶停潲敪瑣屳牐杯慲獭䵜湩ⵥ浩瑡牯䑜䱌睜湩潤屷楷摮睯睜湩潤⹷捶灸潲൪䌊尺獕牥屳慤楶層湏䑥楲敶停潲敪瑣屳牐杯慲獭乜瑯⁥求捯⁫瑓摵潩浜湣獢朮硭摜瑡晡汩獥䑜瑡屡楷摮睯氮扩਍㩃啜敳獲摜癡摩作敮牄癩履牐橯捥獴停潲牧浡屳潎整䈠潬正匠畴楤屯捭扮⹳浧屸慤慴楦敬屳慄慴睜湩潤⹷楬ൢ䌊尺獕牥屳慤楶層湏䑥楲敶停潲敪瑣屳牐杯慲獭乜瑯⁥求捯⁫瑓摵潩浜湣獢朮硭摜瑡晡汩獥䑜瑡屡楷摮睯攮灸਍㩃啜敳獲摜癡摩作敮牄癩履牐橯捥獴停潲牧浡屳潎整䈠潬正匠畴楤屯捭扮⹳浧屸慤慴楦敬屳慄慴睜湩潤⹷硥൰帊㩃啜敳獲摜癡摩作敮牄癩履牐橯捥獴停潲牧浡屳楍敮椭慭潴屲䱄屌楷摮睯睜湩潤屷楷摮睯瘮硣牰橯਍㩃啜敳獲摜癡摩作敮牄癩履牐橯捥獴停潲牧浡屳潎整䈠潬正匠畴楤屯捭扮⹳浧屸慤慴楦敬屳慄慴睜湩潤⹷楬ൢ䌊尺獕牥屳慤楶層湏䑥楲敶停潲敪瑣屳牐杯慲獭乜瑯⁥求捯⁫瑓摵潩浜湣獢朮硭摜瑡晡汩獥䑜瑡屡楷摮睯氮扩਍㩃啜敳獲摜癡摩作敮牄癩履牐橯捥獴停潲牧浡屳潎整䈠潬正匠畴楤屯捭扮⹳浧屸慤慴楦敬屳慄慴睜湩潤⹷硥൰䌊尺獕牥屳慤楶層湏䑥楲敶停潲敪瑣屳牐杯慲獭乜瑯⁥求捯⁫瑓摵潩浜湣獢朮硭摜瑡晡汩獥䑜瑡屡楷摮睯攮灸਍
c:\users\david\onedrive\projects\programs\mine-imator\dll\window\window\release\vc120.pdb
d:\onedrive\projects\minecraft\mine-imator\dll\window\window\release\vc140.pdb
d:\onedrive\projects\minecraft\mine-imator\dll\window\window\release\main.obj
c:\users\david\onedrive\projects\programs\mine-imator\mine-imator.gmx\datafiles\data\window.dll
c:\users\david\onedrive\projects\programs\mine-imator\mine-imator.gmx\datafiles\data\window.pdb
d:\onedrive\projects\minecraft\mine-imator\source\datafiles\data\window.dll
d:\onedrive\projects\minecraft\mine-imator\source\datafiles\data\window.ipdb
d:\onedrive\projects\minecraft\mine-imator\source\datafiles\data\window.iobj
d:\onedrive\projects\minecraft\mine-imator\source\datafiles\data\window.pdb
c:\users\david\onedrive\projects\programs\note block studio\mcnbs.gmx\datafiles\data\window.lib
c:\users\david\onedrive\projects\programs\note block studio\mcnbs.gmx\datafiles\data\window.exp
c:\users\david\onedrive\projects\programs\mine-imator\mine-imator.gmx\datafiles\data\window.lib
c:\users\david\onedrive\projects\programs\mine-imator\mine-imator.gmx\datafiles\data\window.exp
d:\onedrive\projects\minecraft\mine-imator\source\datafiles\data\window.lib
d:\onedrive\projects\minecraft\mine-imator\source\datafiles\data\window.exp
c:\users\chenx\documents\github\window-dll\window\release\main.obj
c:\users\chenx\documents\github\window-dll\window\release\cl.command.1.tlog
c:\users\chenx\documents\github\window-dll\window\release\cl.read.1.tlog
c:\users\chenx\documents\github\window-dll\window\release\cl.write.1.tlog
c:\users\chenx\documents\github\window-dll\window\release\link-cvtres.read.1.tlog
c:\users\chenx\documents\github\window-dll\window\release\link-cvtres.write.1.tlog
c:\users\chenx\documents\github\window-dll\window\release\link-rc.read.1.tlog
c:\users\chenx\documents\github\window-dll\window\release\link-rc.write.1.tlog
c:\users\chenx\documents\github\window-dll\window\release\link.command.1.tlog
c:\users\chenx\documents\github\window-dll\window\release\link.read.1.tlog
c:\users\chenx\documents\github\window-dll\window\release\link.read.2.tlog
c:\users\chenx\documents\github\window-dll\window\release\link.read.3.tlog
c:\users\chenx\documents\github\window-dll\window\release\link.read.4.tlog
c:\users\chenx\documents\github\window-dll\window\release\link.write.1.tlog
c:\users\chenx\documents\github\window-dll\window\release\window.write.1.tlog
c:\users\chenx\documents\github\window-dll\window\release\vc110.pdb
c:\users\chenx\documents\github\window-dll\window\release\vc120.pdb
c:\users\chenx\documents\github\window-dll\window\release\vc140.pdb
c:\users\chenx\documents\github\window-dll\window\release\window.tlog\cl.command.1.tlog
c:\users\chenx\documents\github\window-dll\window\release\window.tlog\cl.read.1.tlog
c:\users\chenx\documents\github\window-dll\window\release\window.tlog\cl.write.1.tlog
c:\users\chenx\documents\github\window-dll\window\release\window.tlog\link.command.1.tlog
c:\users\chenx\documents\github\window-dll\window\release\window.tlog\link.read.1.tlog
c:\users\chenx\documents\github\window-dll\window\release\window.tlog\link.write.1.tlog
c:\users\chenx\documents\github\window-dll\window\release\window.tlog\window.write.1u.tlog
